<?xml version="1.0" encoding="UTF-8"?>
<!-- Generated by org.testng.reporters.JUnitReportReporter -->
<testsuite hostname="TP-PC" failures="0" tests="1" name="FirstAndriodMobileproject.Saucelab" time="2.758" errors="0" timestamp="2024-07-08T13:45:01 IST" skipped="0">
  <testcase classname="FirstAndriodMobileproject.Saucelab" name="launch_url" time="2.758"/>
  <system-out/>
</testsuite> <!-- FirstAndriodMobileproject.Saucelab -->
